<?xml version="1.0" encoding="UTF-8"?>
<!-- Generated by org.testng.reporters.JUnitReportReporter -->
<testsuite hostname="DESKTOP-1E9PTFA" failures="0" tests="1" name="TestCases.TC001_AccountRegistration" time="2.851" errors="0" timestamp="2025-01-13T15:43:13 IST" skipped="0">
  <testcase classname="TestCases.TC001_AccountRegistration" name="verify_account_registration" time="2.851"/>
  <system-out/>
</testsuite> <!-- TestCases.TC001_AccountRegistration -->
