<?xml version="1.0" encoding="UTF-8"?>
<!-- Generated by org.testng.reporters.JUnitReportReporter -->
<testsuite hostname="DESKTOP-1E9PTFA" failures="0" tests="1" name="day4.LoginTest" time="11.435" errors="0" timestamp="2025-01-13T15:53:21 IST" skipped="0">
  <testcase classname="day4.LoginTest" name="testLogin" time="11.435"/>
  <system-out/>
</testsuite> <!-- day4.LoginTest -->
