<?xml version="1.0" encoding="UTF-8"?>
<!-- Generated by org.testng.reporters.JUnitReportReporter -->
<testsuite hostname="DESKTOP-1E9PTFA" failures="0" tests="2" name="day2.OrangeHRM" time="0.007" errors="0" timestamp="2024-12-30T17:36:20 IST" skipped="0">
  <testcase classname="day2.OrangeHRM" name="xyz" time="0.006"/>
  <system-out/>
  <testcase classname="day2.OrangeHRM" name="xyz" time="0.001"/>
  <system-out/>
</testsuite> <!-- day2.OrangeHRM -->
