<?xml version="1.0" encoding="UTF-8"?>
<!-- Generated by org.testng.reporters.JUnitReportReporter -->
<testsuite hostname="DESKTOP-1E9PTFA" failures="0" tests="3" name="day2.FirstTestcase" time="14.705" errors="0" timestamp="2024-12-31T19:39:01 IST" skipped="0">
  <testcase classname="day2.FirstTestcase" name="testLogin" time="4.415"/>
  <system-out/>
  <testcase classname="day2.FirstTestcase" name="testLogin" time="6.214"/>
  <system-out/>
  <testcase classname="day2.FirstTestcase" name="testLogin" time="4.076"/>
  <system-out/>
</testsuite> <!-- day2.FirstTestcase -->
