<?xml version="1.0" encoding="UTF-8"?>
<!-- Generated by org.testng.reporters.JUnitReportReporter -->
<testsuite hostname="DESKTOP-1E9PTFA" failures="0" tests="9" name="day3.ParamTest" time="0.313" errors="0" timestamp="2024-12-31T22:59:43 IST" skipped="0">
  <testcase classname="day3.ParamTest" name="testlogo" time="0.040"/>
  <system-out/>
  <testcase classname="day3.ParamTest" name="testlogo" time="0.078"/>
  <system-out/>
  <testcase classname="day3.ParamTest" name="testlogo" time="0.097"/>
  <system-out/>
  <testcase classname="day3.ParamTest" name="testTitle" time="0.011"/>
  <system-out/>
  <testcase classname="day3.ParamTest" name="testTitle" time="0.026"/>
  <system-out/>
  <testcase classname="day3.ParamTest" name="testTitle" time="0.019"/>
  <system-out/>
  <testcase classname="day3.ParamTest" name="testURL" time="0.000"/>
  <system-out/>
  <testcase classname="day3.ParamTest" name="testURL" time="0.010"/>
  <system-out/>
  <testcase classname="day3.ParamTest" name="testURL" time="0.032"/>
  <system-out/>
</testsuite> <!-- day3.ParamTest -->
