<?xml version="1.0" encoding="UTF-8"?>
<!-- Generated by org.testng.reporters.JUnitReportReporter -->
<testsuite hostname="DESKTOP-1E9PTFA" failures="0" tests="3" name="day1.FirstTEstcase" time="0.012" errors="0" timestamp="2024-12-29T17:41:22 IST" skipped="0">
  <testcase classname="day1.FirstTEstcase" name="openapp" time="0.001"/>
  <system-out/>
  <testcase classname="day1.FirstTEstcase" name="logoutz" time="0.002"/>
  <system-out/>
  <testcase classname="day1.FirstTEstcase" name="login" time="0.009"/>
  <system-out/>
</testsuite> <!-- day1.FirstTEstcase -->
