<?xml version="1.0" encoding="UTF-8"?>
<!-- Generated by org.testng.reporters.JUnitReportReporter -->
<testsuite hostname="DESKTOP-1E9PTFA" failures="0" tests="1" name="TestCases.TC001_AccountRegistration" time="4.788" errors="0" timestamp="2025-01-13T16:48:54 IST" skipped="0">
  <testcase classname="TestCases.TC001_AccountRegistration" name="verify_account_registration" time="4.788"/>
</testsuite> <!-- TestCases.TC001_AccountRegistration -->
