<?xml version="1.0" encoding="UTF-8"?>
<!-- Generated by org.testng.reporters.JUnitReportReporter -->
<testsuite hostname="DESKTOP-1E9PTFA" failures="0" tests="1" name="TestCases.TC_002_LOGinTest" time="2.817" errors="0" timestamp="2025-01-13T16:48:54 IST" skipped="0">
  <testcase classname="TestCases.TC_002_LOGinTest" name="verify_login" time="2.817"/>
</testsuite> <!-- TestCases.TC_002_LOGinTest -->
